[
  {
    "level": "INFO",
    "message": "android.ndkVersion from module build.gradle is not set"
  },
  {
    "level": "INFO",
    "message": "ndk.dir in local.properties is C:\\Users\\Administrator\\Documents\\android-ndk-r21d-windows-x86_64\\android-ndk-r21d"
  },
  {
    "level": "INFO",
    "message": "ANDROID_NDK_HOME environment variable is not set"
  },
  {
    "level": "INFO",
    "message": "sdkFolder is C:\\Users\\Administrator\\AppData\\Local\\Android\\Sdk"
  },
  {
    "level": "INFO",
    "message": "Considering C:\\Users\\Administrator\\Documents\\android-ndk-r21d-windows-x86_64\\android-ndk-r21d by ndk.dir"
  },
  {
    "level": "INFO",
    "message": "Considering C:\\Users\\Administrator\\AppData\\Local\\Android\\Sdk\\ndk-bundle in SDK ndk-bundle folder"
  },
  {
    "level": "INFO",
    "message": "Considering C:\\Users\\Administrator\\AppData\\Local\\Android\\Sdk\\ndk\\21.0.6113669 in SDK ndk folder"
  },
  {
    "level": "INFO",
    "message": "Rejected C:\\Users\\Administrator\\AppData\\Local\\Android\\Sdk\\ndk-bundle in SDK ndk-bundle folder because that location has no source.properties"
  },
  {
    "level": "INFO",
    "message": "Found requested ndk.dir (C:\\Users\\Administrator\\Documents\\android-ndk-r21d-windows-x86_64\\android-ndk-r21d) which has version 21.3.6528147"
  }
]